0 info it worked if it ends with ok
1 verbose cli [ '/usr/local/bin/node',
1 verbose cli   '/usr/local/bin/npm',
1 verbose cli   'install',
1 verbose cli   '-g',
1 verbose cli   'fs' ]
2 info using npm@3.3.6
3 info using node@v5.0.0
4 silly loadCurrentTree Starting
5 silly install loadCurrentTree
6 silly install readGlobalPackageData
7 silly fetchPackageMetaData fs
8 silly fetchNamedPackageData fs
9 silly mapToRegistry name fs
10 silly mapToRegistry using default registry
11 silly mapToRegistry registry https://registry.npmjs.org/
12 silly mapToRegistry uri https://registry.npmjs.org/fs
13 verbose request uri https://registry.npmjs.org/fs
14 verbose request no auth needed
15 info attempt registry request try #1 at 1:54:36 PM
16 verbose request id 30ec121fc1192bb2
17 verbose etag "61EZFCRGHS23ZM86028I5BXGD"
18 http request GET https://registry.npmjs.org/fs
19 http 304 https://registry.npmjs.org/fs
20 verbose headers { date: 'Mon, 16 Nov 2015 11:54:36 GMT',
20 verbose headers   via: '1.1 varnish',
20 verbose headers   'cache-control': 'max-age=60',
20 verbose headers   etag: '"61EZFCRGHS23ZM86028I5BXGD"',
20 verbose headers   age: '9',
20 verbose headers   connection: 'keep-alive',
20 verbose headers   'x-served-by': 'cache-fra1221-FRA',
20 verbose headers   'x-cache': 'HIT',
20 verbose headers   'x-cache-hits': '1',
20 verbose headers   'x-timer': 'S1447674876.620756,VS0,VE0',
20 verbose headers   vary: 'Accept' }
21 silly get cb [ 304,
21 silly get   { date: 'Mon, 16 Nov 2015 11:54:36 GMT',
21 silly get     via: '1.1 varnish',
21 silly get     'cache-control': 'max-age=60',
21 silly get     etag: '"61EZFCRGHS23ZM86028I5BXGD"',
21 silly get     age: '9',
21 silly get     connection: 'keep-alive',
21 silly get     'x-served-by': 'cache-fra1221-FRA',
21 silly get     'x-cache': 'HIT',
21 silly get     'x-cache-hits': '1',
21 silly get     'x-timer': 'S1447674876.620756,VS0,VE0',
21 silly get     vary: 'Accept' } ]
22 verbose etag https://registry.npmjs.org/fs from cache
23 verbose get saving fs to /home/jsdev/.npm/registry.npmjs.org/fs/.cache.json
24 silly install normalizeTree
25 silly loadCurrentTree Finishing
26 silly loadIdealTree Starting
27 silly install loadIdealTree
28 silly cloneCurrentTree Starting
29 silly install cloneCurrentTreeToIdealTree
30 silly cloneCurrentTree Finishing
31 silly loadShrinkwrap Starting
32 silly install loadShrinkwrap
33 silly loadShrinkwrap Finishing
34 silly loadAllDepsIntoIdealTree Starting
35 silly install loadAllDepsIntoIdealTree
36 silly resolveWithNewModule fs@0.0.2 checking installable status
37 silly cache add args [ 'fs', null ]
38 verbose cache add spec fs
39 silly cache add parsed spec Result {
39 silly cache add   raw: 'fs',
39 silly cache add   scope: null,
39 silly cache add   name: 'fs',
39 silly cache add   rawSpec: '',
39 silly cache add   spec: '*',
39 silly cache add   type: 'range' }
40 silly addNamed fs@*
41 verbose addNamed "*" is a valid semver range for fs
42 silly addNameRange { name: 'fs', range: '*', hasData: false }
43 silly mapToRegistry name fs
44 silly mapToRegistry using default registry
45 silly mapToRegistry registry https://registry.npmjs.org/
46 silly mapToRegistry uri https://registry.npmjs.org/fs
47 verbose addNameRange registry:https://registry.npmjs.org/fs not in flight; fetching
48 verbose get https://registry.npmjs.org/fs not expired, no request
49 silly addNameRange number 2 { name: 'fs', range: '*', hasData: true }
50 silly addNameRange versions [ 'fs', [ '0.0.0', '0.0.2' ] ]
51 silly addNamed fs@0.0.2
52 verbose addNamed "0.0.2" is a plain semver version for fs
53 silly cache afterAdd fs@0.0.2
54 verbose afterAdd /home/jsdev/.npm/fs/0.0.2/package/package.json not in flight; writing
55 verbose afterAdd /home/jsdev/.npm/fs/0.0.2/package/package.json written
56 silly loadAllDepsIntoIdealTree Finishing
57 silly idealTree:prePrune /usr/local/lib
57 silly idealTree:prePrune └── fs@0.0.2
58 silly loadIdealTree Finishing
59 silly currentTree /usr/local/lib
60 silly idealTree /usr/local/lib
60 silly idealTree └── fs@0.0.2
61 silly generateActionsToTake Starting
62 silly install generateActionsToTake
63 warn checkPermissions Missing write access to /usr/local/lib/node_modules
64 silly rollbackFailedOptional Starting
65 silly rollbackFailedOptional Finishing
66 silly runTopLevelLifecycles Starting
67 silly runTopLevelLifecycles Finishing
68 silly install printInstalled
69 verbose stack Error: EACCES: permission denied, access '/usr/local/lib/node_modules'
69 verbose stack     at Error (native)
70 verbose cwd /home/jsdev/p02
71 error Linux 3.19.0-33-generic
72 error argv "/usr/local/bin/node" "/usr/local/bin/npm" "install" "-g" "fs"
73 error node v5.0.0
74 error npm  v3.3.6
75 error path /usr/local/lib/node_modules
76 error code EACCES
77 error errno -13
78 error syscall access
79 error Error: EACCES: permission denied, access '/usr/local/lib/node_modules'
79 error     at Error (native)
79 error  { [Error: EACCES: permission denied, access '/usr/local/lib/node_modules']
79 error   errno: -13,
79 error   code: 'EACCES',
79 error   syscall: 'access',
79 error   path: '/usr/local/lib/node_modules' }
80 error Please try running this command again as root/Administrator.
81 verbose exit [ -13, true ]
